ffmpeg.exe : ffmpeg version 8.0-essentials_build-www.gyan.dev Copyright (c) 2000-2025 the 
FFmpeg developers
At line:1 char:1
+ & "c:\xampp\htdocs\thesis2\ffmpeg-8.0-essentials_build\bin\ffmpeg.exe ...
+ ~~~~~~~~~~~~~~~~~~~~~~~~~~~~~~~~~~~~~~~~~~~~~~~~~~~~~~~~~~~~~~~~~~~~~
    + CategoryInfo          : NotSpecified: (ffmpeg version ...mpeg developers:String) [], Remo 
   teException
    + FullyQualifiedErrorId : NativeCommandError
 
  built with gcc 15.2.0 (Rev8, Built by MSYS2 project)
  configuration: --enable-gpl --enable-version3 --enable-static --disable-w32threads 
--disable-autodetect --enable-fontconfig --enable-iconv --enable-gnutls --enable-libxml2 
--enable-gmp --enable-bzlib --enable-lzma --enable-zlib --enable-libsrt --enable-libssh 
--enable-libzmq --enable-avisynth --enable-sdl2 --enable-libwebp --enable-libx264 
--enable-libx265 --enable-libxvid --enable-libaom --enable-libopenjpeg --enable-libvpx 
--enable-mediafoundation --enable-libass --enable-libfreetype --enable-libfribidi 
--enable-libharfbuzz --enable-libvidstab --enable-libvmaf --enable-libzimg --enable-amf 
--enable-cuda-llvm --enable-cuvid --enable-dxva2 --enable-d3d11va --enable-d3d12va 
--enable-ffnvcodec --enable-libvpl --enable-nvdec --enable-nvenc --enable-vaapi --enable-openal 
--enable-libgme --enable-libopenmpt --enable-libopencore-amrwb --enable-libmp3lame 
--enable-libtheora --enable-libvo-amrwbenc --enable-libgsm --enable-libopencore-amrnb 
--enable-libopus --enable-libspeex --enable-libvorbis --enable-librubberband
  libavutil      60.  8.100 / 60.  8.100
  libavcodec     62. 11.100 / 62. 11.100
  libavformat    62.  3.100 / 62.  3.100
  libavdevice    62.  1.100 / 62.  1.100
  libavfilter    11.  4.100 / 11.  4.100
  libswscale      9.  1.100 /  9.  1.100
  libswresample   6.  1.100 /  6.  1.100
Error opening input file rtsp://admin01:admin0101@192.168.1.13:554/stream1.
Exiting normally, received signal 15.
